2025-08-09 07:50:45.466 [error] #1: https://marketplace.visualstudio.com/_apis/public/gallery/vscode/bradlc/vscode-tailwindcss/latest - error GET Offline
2025-08-09 07:50:45.493 [error] #2: https://marketplace.visualstudio.com/_apis/public/gallery/vscode/ms-azuretools/vscode-containers/latest - error GET Offline
2025-08-09 07:50:45.496 [error] #3: https://marketplace.visualstudio.com/_apis/public/gallery/vscode/ms-azuretools/vscode-docker/latest - error GET Offline
2025-08-09 07:50:45.500 [error] #4: https://marketplace.visualstudio.com/_apis/public/gallery/vscode/ms-python/debugpy/latest - error GET Offline
2025-08-09 07:50:45.505 [error] #5: https://marketplace.visualstudio.com/_apis/public/gallery/vscode/ms-python/python/latest - error GET Offline
2025-08-09 07:50:45.507 [error] #6: https://marketplace.visualstudio.com/_apis/public/gallery/vscode/ms-python/vscode-pylance/latest - error GET Offline
2025-08-09 07:50:45.509 [error] #7: https://marketplace.visualstudio.com/_apis/public/gallery/vscode/ms-python/vscode-python-envs/latest - error GET Offline
2025-08-09 07:50:45.512 [error] #9: https://marketplace.visualstudio.com/_apis/public/gallery/vscode/redhat/java/latest - error GET Offline
2025-08-09 07:50:45.517 [error] #8: https://marketplace.visualstudio.com/_apis/public/gallery/vscode/ms-vscode-remote/remote-containers/latest - error GET Offline
2025-08-09 07:50:45.526 [error] #10: https://marketplace.visualstudio.com/_apis/public/gallery/vscode/ritwickdey/liveserver/latest - error GET Offline
2025-08-09 07:50:45.528 [error] #11: https://marketplace.visualstudio.com/_apis/public/gallery/vscode/visualstudioexptteam/intellicode-api-usage-examples/latest - error GET Offline
2025-08-09 07:50:45.552 [error] #12: https://marketplace.visualstudio.com/_apis/public/gallery/vscode/visualstudioexptteam/vscodeintellicode/latest - error GET Offline
2025-08-09 07:50:45.554 [error] #13: https://marketplace.visualstudio.com/_apis/public/gallery/vscode/vmware/vscode-boot-dev-pack/latest - error GET Offline
2025-08-09 07:50:45.556 [error] #14: https://marketplace.visualstudio.com/_apis/public/gallery/vscode/vmware/vscode-spring-boot/latest - error GET Offline
2025-08-09 07:50:45.560 [error] #15: https://marketplace.visualstudio.com/_apis/public/gallery/vscode/vscjava/vscode-gradle/latest - error GET Offline
2025-08-09 07:50:45.563 [error] #16: https://marketplace.visualstudio.com/_apis/public/gallery/vscode/vscjava/vscode-java-debug/latest - error GET Offline
2025-08-09 07:50:45.566 [error] #17: https://marketplace.visualstudio.com/_apis/public/gallery/vscode/vscjava/vscode-java-dependency/latest - error GET Offline
2025-08-09 07:50:45.570 [error] #18: https://marketplace.visualstudio.com/_apis/public/gallery/vscode/vscjava/vscode-java-pack/latest - error GET Offline
2025-08-09 07:50:45.573 [error] #19: https://marketplace.visualstudio.com/_apis/public/gallery/vscode/vscjava/vscode-java-test/latest - error GET Offline
2025-08-09 07:50:45.576 [error] #20: https://marketplace.visualstudio.com/_apis/public/gallery/vscode/vscjava/vscode-maven/latest - error GET Offline
2025-08-09 07:50:45.578 [error] #21: https://marketplace.visualstudio.com/_apis/public/gallery/vscode/vscjava/vscode-spring-boot-dashboard/latest - error GET Offline
2025-08-09 07:50:45.583 [error] #22: https://marketplace.visualstudio.com/_apis/public/gallery/vscode/vscjava/vscode-spring-initializr/latest - error GET Offline
2025-08-09 07:50:45.596 [error] #23: https://www.vscode-unpkg.net/_gallery/bradlc/vscode-tailwindcss/latest - error GET Offline
2025-08-09 07:50:45.611 [error] #24: https://www.vscode-unpkg.net/_gallery/ms-azuretools/vscode-containers/latest - error GET Offline
2025-08-09 07:50:45.612 [error] #25: https://www.vscode-unpkg.net/_gallery/ms-azuretools/vscode-docker/latest - error GET Offline
2025-08-09 07:50:45.615 [error] #28: https://www.vscode-unpkg.net/_gallery/ms-python/vscode-pylance/latest - error GET Offline
2025-08-09 07:50:45.617 [error] #26: https://www.vscode-unpkg.net/_gallery/ms-python/debugpy/latest - error GET Offline
2025-08-09 07:50:45.619 [error] #27: https://www.vscode-unpkg.net/_gallery/ms-python/python/latest - error GET Offline
2025-08-09 07:50:45.620 [error] #29: https://www.vscode-unpkg.net/_gallery/ms-python/vscode-python-envs/latest - error GET Offline
2025-08-09 07:50:45.622 [error] #30: https://www.vscode-unpkg.net/_gallery/redhat/java/latest - error GET Offline
2025-08-09 07:50:45.624 [error] #31: https://www.vscode-unpkg.net/_gallery/ms-vscode-remote/remote-containers/latest - error GET Offline
2025-08-09 07:50:45.637 [error] #33: https://www.vscode-unpkg.net/_gallery/visualstudioexptteam/intellicode-api-usage-examples/latest - error GET Offline
2025-08-09 07:50:45.639 [error] #32: https://www.vscode-unpkg.net/_gallery/ritwickdey/liveserver/latest - error GET Offline
2025-08-09 07:50:45.641 [error] #34: https://www.vscode-unpkg.net/_gallery/visualstudioexptteam/vscodeintellicode/latest - error GET Offline
2025-08-09 07:50:45.642 [error] #35: https://www.vscode-unpkg.net/_gallery/vmware/vscode-boot-dev-pack/latest - error GET Offline
2025-08-09 07:50:45.644 [error] #36: https://www.vscode-unpkg.net/_gallery/vmware/vscode-spring-boot/latest - error GET Offline
2025-08-09 07:50:45.648 [error] #37: https://www.vscode-unpkg.net/_gallery/vscjava/vscode-gradle/latest - error GET Offline
2025-08-09 07:50:45.650 [error] #38: https://www.vscode-unpkg.net/_gallery/vscjava/vscode-java-debug/latest - error GET Offline
2025-08-09 07:50:45.651 [error] #40: https://www.vscode-unpkg.net/_gallery/vscjava/vscode-java-pack/latest - error GET Offline
2025-08-09 07:50:45.653 [error] #39: https://www.vscode-unpkg.net/_gallery/vscjava/vscode-java-dependency/latest - error GET Offline
2025-08-09 07:50:45.654 [error] #41: https://www.vscode-unpkg.net/_gallery/vscjava/vscode-java-test/latest - error GET Offline
2025-08-09 07:50:45.689 [error] #42: https://www.vscode-unpkg.net/_gallery/vscjava/vscode-maven/latest - error GET Offline
2025-08-09 07:50:45.708 [error] #43: https://www.vscode-unpkg.net/_gallery/vscjava/vscode-spring-boot-dashboard/latest - error GET Offline
2025-08-09 07:50:45.709 [error] #44: https://www.vscode-unpkg.net/_gallery/vscjava/vscode-spring-initializr/latest - error GET Offline
2025-08-09 07:50:45.827 [error] #45: https://marketplace.visualstudio.com/_apis/public/gallery/extensionquery - error POST Offline
2025-08-09 07:50:46.973 [error] #46: https://main.vscode-cdn.net/extensions/chat.json - error GET Offline
