2025-08-09 07:50:39.954 [warning] Via 'product.json#extensionEnabledApiProposals' extension 'ms-vsliveshare.vsliveshare' wants API proposal 'notebookCellExecutionState' but that proposal DOES NOT EXIST. Likely, the proposal has been finalized (check 'vscode.d.ts') or was abandoned.
2025-08-09 07:50:40.004 [warning] Via 'product.json#extensionEnabledApiProposals' extension 'ms-python.gather' wants API proposal 'notebookCellExecutionState' but that proposal DOES NOT EXIST. Likely, the proposal has been finalized (check 'vscode.d.ts') or was abandoned.
2025-08-09 07:50:40.005 [warning] Via 'product.json#extensionEnabledApiProposals' extension 'ms-python.vscode-pylance' wants API proposal 'mcpConfigurationProvider' but that proposal DOES NOT EXIST. Likely, the proposal has been finalized (check 'vscode.d.ts') or was abandoned.
2025-08-09 07:50:41.090 [info] ChatSessionStore: Migrating 0 chat sessions from storage service to file system
2025-08-09 07:50:41.991 [info] Started local extension host with pid 4478.
2025-08-09 07:50:45.358 [info] Settings Sync: Account status changed from uninitialized to unavailable
2025-08-09 07:50:45.467 [error] Error while getting the latest version for the extension bradlc.vscode-tailwindcss from https://marketplace.visualstudio.com/_apis/public/gallery/vscode/{publisher}/{name}/latest. Trying the fallback https://www.vscode-unpkg.net/_gallery/{publisher}/{name}/latest Offline
2025-08-09 07:50:45.493 [error] Error while getting the latest version for the extension ms-azuretools.vscode-containers from https://marketplace.visualstudio.com/_apis/public/gallery/vscode/{publisher}/{name}/latest. Trying the fallback https://www.vscode-unpkg.net/_gallery/{publisher}/{name}/latest Offline
2025-08-09 07:50:45.498 [error] Error while getting the latest version for the extension ms-azuretools.vscode-docker from https://marketplace.visualstudio.com/_apis/public/gallery/vscode/{publisher}/{name}/latest. Trying the fallback https://www.vscode-unpkg.net/_gallery/{publisher}/{name}/latest Offline
2025-08-09 07:50:45.501 [error] Error while getting the latest version for the extension ms-python.debugpy from https://marketplace.visualstudio.com/_apis/public/gallery/vscode/{publisher}/{name}/latest. Trying the fallback https://www.vscode-unpkg.net/_gallery/{publisher}/{name}/latest Offline
2025-08-09 07:50:45.506 [error] Error while getting the latest version for the extension ms-python.python from https://marketplace.visualstudio.com/_apis/public/gallery/vscode/{publisher}/{name}/latest. Trying the fallback https://www.vscode-unpkg.net/_gallery/{publisher}/{name}/latest Offline
2025-08-09 07:50:45.508 [error] Error while getting the latest version for the extension ms-python.vscode-pylance from https://marketplace.visualstudio.com/_apis/public/gallery/vscode/{publisher}/{name}/latest. Trying the fallback https://www.vscode-unpkg.net/_gallery/{publisher}/{name}/latest Offline
2025-08-09 07:50:45.510 [error] Error while getting the latest version for the extension ms-python.vscode-python-envs from https://marketplace.visualstudio.com/_apis/public/gallery/vscode/{publisher}/{name}/latest. Trying the fallback https://www.vscode-unpkg.net/_gallery/{publisher}/{name}/latest Offline
2025-08-09 07:50:45.513 [error] Error while getting the latest version for the extension redhat.java from https://marketplace.visualstudio.com/_apis/public/gallery/vscode/{publisher}/{name}/latest. Trying the fallback https://www.vscode-unpkg.net/_gallery/{publisher}/{name}/latest Offline
2025-08-09 07:50:45.519 [error] Error while getting the latest version for the extension ms-vscode-remote.remote-containers from https://marketplace.visualstudio.com/_apis/public/gallery/vscode/{publisher}/{name}/latest. Trying the fallback https://www.vscode-unpkg.net/_gallery/{publisher}/{name}/latest Offline
2025-08-09 07:50:45.526 [error] Error while getting the latest version for the extension ritwickdey.liveserver from https://marketplace.visualstudio.com/_apis/public/gallery/vscode/{publisher}/{name}/latest. Trying the fallback https://www.vscode-unpkg.net/_gallery/{publisher}/{name}/latest Offline
2025-08-09 07:50:45.529 [error] Error while getting the latest version for the extension visualstudioexptteam.intellicode-api-usage-examples from https://marketplace.visualstudio.com/_apis/public/gallery/vscode/{publisher}/{name}/latest. Trying the fallback https://www.vscode-unpkg.net/_gallery/{publisher}/{name}/latest Offline
2025-08-09 07:50:45.553 [error] Error while getting the latest version for the extension visualstudioexptteam.vscodeintellicode from https://marketplace.visualstudio.com/_apis/public/gallery/vscode/{publisher}/{name}/latest. Trying the fallback https://www.vscode-unpkg.net/_gallery/{publisher}/{name}/latest Offline
2025-08-09 07:50:45.554 [error] Error while getting the latest version for the extension vmware.vscode-boot-dev-pack from https://marketplace.visualstudio.com/_apis/public/gallery/vscode/{publisher}/{name}/latest. Trying the fallback https://www.vscode-unpkg.net/_gallery/{publisher}/{name}/latest Offline
2025-08-09 07:50:45.557 [error] Error while getting the latest version for the extension vmware.vscode-spring-boot from https://marketplace.visualstudio.com/_apis/public/gallery/vscode/{publisher}/{name}/latest. Trying the fallback https://www.vscode-unpkg.net/_gallery/{publisher}/{name}/latest Offline
2025-08-09 07:50:45.561 [error] Error while getting the latest version for the extension vscjava.vscode-gradle from https://marketplace.visualstudio.com/_apis/public/gallery/vscode/{publisher}/{name}/latest. Trying the fallback https://www.vscode-unpkg.net/_gallery/{publisher}/{name}/latest Offline
2025-08-09 07:50:45.564 [error] Error while getting the latest version for the extension vscjava.vscode-java-debug from https://marketplace.visualstudio.com/_apis/public/gallery/vscode/{publisher}/{name}/latest. Trying the fallback https://www.vscode-unpkg.net/_gallery/{publisher}/{name}/latest Offline
2025-08-09 07:50:45.567 [error] Error while getting the latest version for the extension vscjava.vscode-java-dependency from https://marketplace.visualstudio.com/_apis/public/gallery/vscode/{publisher}/{name}/latest. Trying the fallback https://www.vscode-unpkg.net/_gallery/{publisher}/{name}/latest Offline
2025-08-09 07:50:45.571 [error] Error while getting the latest version for the extension vscjava.vscode-java-pack from https://marketplace.visualstudio.com/_apis/public/gallery/vscode/{publisher}/{name}/latest. Trying the fallback https://www.vscode-unpkg.net/_gallery/{publisher}/{name}/latest Offline
2025-08-09 07:50:45.574 [error] Error while getting the latest version for the extension vscjava.vscode-java-test from https://marketplace.visualstudio.com/_apis/public/gallery/vscode/{publisher}/{name}/latest. Trying the fallback https://www.vscode-unpkg.net/_gallery/{publisher}/{name}/latest Offline
2025-08-09 07:50:45.576 [error] Error while getting the latest version for the extension vscjava.vscode-maven from https://marketplace.visualstudio.com/_apis/public/gallery/vscode/{publisher}/{name}/latest. Trying the fallback https://www.vscode-unpkg.net/_gallery/{publisher}/{name}/latest Offline
2025-08-09 07:50:45.580 [error] Error while getting the latest version for the extension vscjava.vscode-spring-boot-dashboard from https://marketplace.visualstudio.com/_apis/public/gallery/vscode/{publisher}/{name}/latest. Trying the fallback https://www.vscode-unpkg.net/_gallery/{publisher}/{name}/latest Offline
2025-08-09 07:50:45.584 [error] Error while getting the latest version for the extension vscjava.vscode-spring-initializr from https://marketplace.visualstudio.com/_apis/public/gallery/vscode/{publisher}/{name}/latest. Trying the fallback https://www.vscode-unpkg.net/_gallery/{publisher}/{name}/latest Offline
2025-08-09 07:50:45.597 [error] Error while getting the latest version for the extension bradlc.vscode-tailwindcss. Offline
2025-08-09 07:50:45.612 [error] Error while getting the latest version for the extension ms-azuretools.vscode-containers. Offline
2025-08-09 07:50:45.613 [error] Error while getting the latest version for the extension ms-azuretools.vscode-docker. Offline
2025-08-09 07:50:45.616 [error] Error while getting the latest version for the extension ms-python.vscode-pylance. Offline
2025-08-09 07:50:45.618 [error] Error while getting the latest version for the extension ms-python.debugpy. Offline
2025-08-09 07:50:45.619 [error] Error while getting the latest version for the extension ms-python.python. Offline
2025-08-09 07:50:45.621 [error] Error while getting the latest version for the extension ms-python.vscode-python-envs. Offline
2025-08-09 07:50:45.623 [error] Error while getting the latest version for the extension redhat.java. Offline
2025-08-09 07:50:45.625 [error] Error while getting the latest version for the extension ms-vscode-remote.remote-containers. Offline
2025-08-09 07:50:45.638 [error] Error while getting the latest version for the extension visualstudioexptteam.intellicode-api-usage-examples. Offline
2025-08-09 07:50:45.640 [error] Error while getting the latest version for the extension ritwickdey.liveserver. Offline
2025-08-09 07:50:45.642 [error] Error while getting the latest version for the extension visualstudioexptteam.vscodeintellicode. Offline
2025-08-09 07:50:45.643 [error] Error while getting the latest version for the extension vmware.vscode-boot-dev-pack. Offline
2025-08-09 07:50:45.645 [error] Error while getting the latest version for the extension vmware.vscode-spring-boot. Offline
2025-08-09 07:50:45.649 [error] Error while getting the latest version for the extension vscjava.vscode-gradle. Offline
2025-08-09 07:50:45.651 [error] Error while getting the latest version for the extension vscjava.vscode-java-debug. Offline
2025-08-09 07:50:45.652 [error] Error while getting the latest version for the extension vscjava.vscode-java-pack. Offline
2025-08-09 07:50:45.653 [error] Error while getting the latest version for the extension vscjava.vscode-java-dependency. Offline
2025-08-09 07:50:45.655 [error] Error while getting the latest version for the extension vscjava.vscode-java-test. Offline
2025-08-09 07:50:45.690 [error] Error while getting the latest version for the extension vscjava.vscode-maven. Offline
2025-08-09 07:50:45.708 [error] Error while getting the latest version for the extension vscjava.vscode-spring-boot-dashboard. Offline
2025-08-09 07:50:45.709 [error] Error while getting the latest version for the extension vscjava.vscode-spring-initializr. Offline
2025-08-09 07:50:46.974 [warning] Failed to fetch chat participant registry Offline
2025-08-09 07:50:47.876 [info] [perf] Render performance baseline is 42ms
