2025-08-09 07:52:24.304 [error] #1: https://marketplace.visualstudio.com/_apis/public/gallery/vscode/bradlc/vscode-tailwindcss/latest - error GET Offline
2025-08-09 07:52:24.309 [error] #3: https://marketplace.visualstudio.com/_apis/public/gallery/vscode/ms-azuretools/vscode-docker/latest - error GET Offline
2025-08-09 07:52:24.312 [error] #2: https://marketplace.visualstudio.com/_apis/public/gallery/vscode/ms-azuretools/vscode-containers/latest - error GET Offline
2025-08-09 07:52:24.315 [error] #4: https://marketplace.visualstudio.com/_apis/public/gallery/vscode/ms-python/debugpy/latest - error GET Offline
2025-08-09 07:52:24.318 [error] #6: https://marketplace.visualstudio.com/_apis/public/gallery/vscode/ms-python/vscode-pylance/latest - error GET Offline
2025-08-09 07:52:24.322 [error] #5: https://marketplace.visualstudio.com/_apis/public/gallery/vscode/ms-python/python/latest - error GET Offline
2025-08-09 07:52:24.324 [error] #7: https://marketplace.visualstudio.com/_apis/public/gallery/vscode/ms-python/vscode-python-envs/latest - error GET Offline
2025-08-09 07:52:24.326 [error] #8: https://marketplace.visualstudio.com/_apis/public/gallery/vscode/ms-vscode-remote/remote-containers/latest - error GET Offline
2025-08-09 07:52:24.329 [error] #9: https://marketplace.visualstudio.com/_apis/public/gallery/vscode/redhat/java/latest - error GET Offline
2025-08-09 07:52:24.331 [error] #10: https://marketplace.visualstudio.com/_apis/public/gallery/vscode/ritwickdey/liveserver/latest - error GET Offline
2025-08-09 07:52:24.333 [error] #12: https://marketplace.visualstudio.com/_apis/public/gallery/vscode/visualstudioexptteam/vscodeintellicode/latest - error GET Offline
2025-08-09 07:52:24.336 [error] #11: https://marketplace.visualstudio.com/_apis/public/gallery/vscode/visualstudioexptteam/intellicode-api-usage-examples/latest - error GET Offline
2025-08-09 07:52:24.340 [error] #13: https://marketplace.visualstudio.com/_apis/public/gallery/vscode/vmware/vscode-boot-dev-pack/latest - error GET Offline
2025-08-09 07:52:24.342 [error] #14: https://marketplace.visualstudio.com/_apis/public/gallery/vscode/vmware/vscode-spring-boot/latest - error GET Offline
2025-08-09 07:52:24.344 [error] #15: https://marketplace.visualstudio.com/_apis/public/gallery/vscode/vscjava/vscode-gradle/latest - error GET Offline
2025-08-09 07:52:24.346 [error] #16: https://marketplace.visualstudio.com/_apis/public/gallery/vscode/vscjava/vscode-java-debug/latest - error GET Offline
2025-08-09 07:52:24.349 [error] #17: https://marketplace.visualstudio.com/_apis/public/gallery/vscode/vscjava/vscode-java-dependency/latest - error GET Offline
2025-08-09 07:52:24.351 [error] #18: https://marketplace.visualstudio.com/_apis/public/gallery/vscode/vscjava/vscode-java-pack/latest - error GET Offline
2025-08-09 07:52:24.356 [error] #19: https://marketplace.visualstudio.com/_apis/public/gallery/vscode/vscjava/vscode-java-test/latest - error GET Offline
2025-08-09 07:52:24.359 [error] #20: https://marketplace.visualstudio.com/_apis/public/gallery/vscode/vscjava/vscode-maven/latest - error GET Offline
2025-08-09 07:52:24.362 [error] #21: https://marketplace.visualstudio.com/_apis/public/gallery/vscode/vscjava/vscode-spring-boot-dashboard/latest - error GET Offline
2025-08-09 07:52:24.364 [error] #22: https://marketplace.visualstudio.com/_apis/public/gallery/vscode/vscjava/vscode-spring-initializr/latest - error GET Offline
2025-08-09 07:52:24.456 [error] #23: https://www.vscode-unpkg.net/_gallery/bradlc/vscode-tailwindcss/latest - error GET Offline
2025-08-09 07:52:24.459 [error] #24: https://www.vscode-unpkg.net/_gallery/ms-azuretools/vscode-docker/latest - error GET Offline
2025-08-09 07:52:24.460 [error] #25: https://www.vscode-unpkg.net/_gallery/ms-azuretools/vscode-containers/latest - error GET Offline
2025-08-09 07:52:24.462 [error] #26: https://www.vscode-unpkg.net/_gallery/ms-python/debugpy/latest - error GET Offline
2025-08-09 07:52:24.463 [error] #28: https://www.vscode-unpkg.net/_gallery/ms-python/python/latest - error GET Offline
2025-08-09 07:52:24.465 [error] #27: https://www.vscode-unpkg.net/_gallery/ms-python/vscode-pylance/latest - error GET Offline
2025-08-09 07:52:24.466 [error] #29: https://www.vscode-unpkg.net/_gallery/ms-python/vscode-python-envs/latest - error GET Offline
2025-08-09 07:52:24.468 [error] #30: https://www.vscode-unpkg.net/_gallery/ms-vscode-remote/remote-containers/latest - error GET Offline
2025-08-09 07:52:24.472 [error] #31: https://www.vscode-unpkg.net/_gallery/redhat/java/latest - error GET Offline
2025-08-09 07:52:24.474 [error] #32: https://www.vscode-unpkg.net/_gallery/ritwickdey/liveserver/latest - error GET Offline
2025-08-09 07:52:24.475 [error] #33: https://www.vscode-unpkg.net/_gallery/visualstudioexptteam/vscodeintellicode/latest - error GET Offline
2025-08-09 07:52:24.477 [error] #35: https://www.vscode-unpkg.net/_gallery/vmware/vscode-boot-dev-pack/latest - error GET Offline
2025-08-09 07:52:24.478 [error] #34: https://www.vscode-unpkg.net/_gallery/visualstudioexptteam/intellicode-api-usage-examples/latest - error GET Offline
2025-08-09 07:52:24.480 [error] #36: https://www.vscode-unpkg.net/_gallery/vmware/vscode-spring-boot/latest - error GET Offline
2025-08-09 07:52:24.496 [error] #37: https://www.vscode-unpkg.net/_gallery/vscjava/vscode-gradle/latest - error GET Offline
2025-08-09 07:52:24.498 [error] #38: https://www.vscode-unpkg.net/_gallery/vscjava/vscode-java-debug/latest - error GET Offline
2025-08-09 07:52:24.500 [error] #39: https://www.vscode-unpkg.net/_gallery/vscjava/vscode-java-dependency/latest - error GET Offline
2025-08-09 07:52:24.502 [error] #40: https://www.vscode-unpkg.net/_gallery/vscjava/vscode-java-pack/latest - error GET Offline
2025-08-09 07:52:24.506 [error] #41: https://www.vscode-unpkg.net/_gallery/vscjava/vscode-java-test/latest - error GET Offline
2025-08-09 07:52:24.508 [error] #42: https://www.vscode-unpkg.net/_gallery/vscjava/vscode-maven/latest - error GET Offline
2025-08-09 07:52:24.586 [error] #43: https://www.vscode-unpkg.net/_gallery/vscjava/vscode-spring-boot-dashboard/latest - error GET Offline
2025-08-09 07:52:24.588 [error] #44: https://www.vscode-unpkg.net/_gallery/vscjava/vscode-spring-initializr/latest - error GET Offline
2025-08-09 07:52:24.641 [error] #45: https://marketplace.visualstudio.com/_apis/public/gallery/extensionquery - error POST Offline
2025-08-09 07:52:26.112 [error] #46: https://main.vscode-cdn.net/extensions/chat.json - error GET Offline
