2025-08-09 07:52:23.584 [info] Reading sessions from keychain...
2025-08-09 07:52:23.584 [info] Getting sessions for all scopes...
2025-08-09 07:52:23.584 [info] Got 0 sessions for ...
2025-08-09 07:52:23.584 [info] Getting sessions for all scopes...
2025-08-09 07:52:23.584 [info] Got 0 sessions for ...
2025-08-09 07:52:23.584 [info] Getting sessions for all scopes...
2025-08-09 07:52:23.584 [info] Got 0 sessions for ...
2025-08-09 07:52:23.584 [info] Getting sessions for all scopes...
2025-08-09 07:52:23.584 [info] Got 0 sessions for ...
2025-08-09 07:52:23.604 [info] Getting sessions for all scopes...
2025-08-09 07:52:23.604 [info] Got 0 sessions for ...
2025-08-09 07:52:23.604 [info] Getting sessions for all scopes...
2025-08-09 07:52:23.605 [info] Got 0 sessions for ...
2025-08-09 07:52:23.605 [info] Getting sessions for all scopes...
2025-08-09 07:52:23.605 [info] Got 0 sessions for ...
2025-08-09 07:52:23.606 [info] Getting sessions for all scopes...
2025-08-09 07:52:23.606 [info] Got 0 sessions for ...
2025-08-09 07:52:23.606 [info] Getting sessions for all scopes...
2025-08-09 07:52:23.607 [info] Got 0 sessions for ...
2025-08-09 07:52:23.724 [info] Getting sessions for all scopes...
2025-08-09 07:52:23.725 [info] Got 0 sessions for ...
2025-08-09 07:52:23.725 [info] Getting sessions for all scopes...
2025-08-09 07:52:23.725 [info] Got 0 sessions for ...
2025-08-09 07:52:23.726 [info] Getting sessions for all scopes...
2025-08-09 07:52:23.726 [info] Got 0 sessions for ...
2025-08-09 07:52:23.726 [info] Getting sessions for all scopes...
2025-08-09 07:52:23.726 [info] Got 0 sessions for ...
2025-08-09 07:52:23.726 [info] Getting sessions for all scopes...
2025-08-09 07:52:23.726 [info] Got 0 sessions for ...
2025-08-09 07:52:23.727 [info] Getting sessions for all scopes...
2025-08-09 07:52:23.727 [info] Got 0 sessions for ...
2025-08-09 07:52:25.658 [info] Getting sessions for all scopes...
2025-08-09 07:52:25.658 [info] Got 0 sessions for ...
2025-08-09 07:52:26.125 [info] Getting sessions for all scopes...
2025-08-09 07:52:26.125 [info] Got 0 sessions for ...
2025-08-09 07:52:26.126 [info] Getting sessions for all scopes...
2025-08-09 07:52:26.126 [info] Got 0 sessions for ...
2025-08-09 07:52:26.143 [info] Getting sessions for all scopes...
2025-08-09 07:52:26.143 [info] Got 0 sessions for ...
2025-08-09 07:52:27.521 [info] Getting sessions for read:user,repo,user:email,workflow...
2025-08-09 07:52:27.522 [info] Got 0 sessions for read:user,repo,user:email,workflow...
