2025-08-09 07:51:58.391 [error] #1: https://marketplace.visualstudio.com/_apis/public/gallery/vscode/bradlc/vscode-tailwindcss/latest - error GET Offline
2025-08-09 07:51:58.406 [error] #2: https://marketplace.visualstudio.com/_apis/public/gallery/vscode/ms-azuretools/vscode-containers/latest - error GET Offline
2025-08-09 07:51:58.407 [error] #3: https://marketplace.visualstudio.com/_apis/public/gallery/vscode/ms-azuretools/vscode-docker/latest - error GET Offline
2025-08-09 07:51:58.409 [error] #4: https://marketplace.visualstudio.com/_apis/public/gallery/vscode/ms-python/debugpy/latest - error GET Offline
2025-08-09 07:51:58.411 [error] #5: https://marketplace.visualstudio.com/_apis/public/gallery/vscode/ms-python/python/latest - error GET Offline
2025-08-09 07:51:58.413 [error] #6: https://marketplace.visualstudio.com/_apis/public/gallery/vscode/ms-python/vscode-pylance/latest - error GET Offline
2025-08-09 07:51:58.415 [error] #7: https://marketplace.visualstudio.com/_apis/public/gallery/vscode/ms-python/vscode-python-envs/latest - error GET Offline
2025-08-09 07:51:58.417 [error] #8: https://marketplace.visualstudio.com/_apis/public/gallery/vscode/ms-vscode-remote/remote-containers/latest - error GET Offline
2025-08-09 07:51:58.421 [error] #9: https://marketplace.visualstudio.com/_apis/public/gallery/vscode/redhat/java/latest - error GET Offline
2025-08-09 07:51:58.423 [error] #10: https://marketplace.visualstudio.com/_apis/public/gallery/vscode/ritwickdey/liveserver/latest - error GET Offline
2025-08-09 07:51:58.427 [error] #11: https://marketplace.visualstudio.com/_apis/public/gallery/vscode/visualstudioexptteam/intellicode-api-usage-examples/latest - error GET Offline
2025-08-09 07:51:58.430 [error] #12: https://marketplace.visualstudio.com/_apis/public/gallery/vscode/visualstudioexptteam/vscodeintellicode/latest - error GET Offline
2025-08-09 07:51:58.432 [error] #13: https://marketplace.visualstudio.com/_apis/public/gallery/vscode/vmware/vscode-boot-dev-pack/latest - error GET Offline
2025-08-09 07:51:58.434 [error] #14: https://marketplace.visualstudio.com/_apis/public/gallery/vscode/vmware/vscode-spring-boot/latest - error GET Offline
2025-08-09 07:51:58.436 [error] #15: https://marketplace.visualstudio.com/_apis/public/gallery/vscode/vscjava/vscode-gradle/latest - error GET Offline
2025-08-09 07:51:58.439 [error] #16: https://marketplace.visualstudio.com/_apis/public/gallery/vscode/vscjava/vscode-java-debug/latest - error GET Offline
2025-08-09 07:51:58.442 [error] #17: https://marketplace.visualstudio.com/_apis/public/gallery/vscode/vscjava/vscode-java-dependency/latest - error GET Offline
2025-08-09 07:51:58.444 [error] #18: https://marketplace.visualstudio.com/_apis/public/gallery/vscode/vscjava/vscode-java-pack/latest - error GET Offline
2025-08-09 07:51:58.446 [error] #19: https://marketplace.visualstudio.com/_apis/public/gallery/vscode/vscjava/vscode-java-test/latest - error GET Offline
2025-08-09 07:51:58.447 [error] #20: https://marketplace.visualstudio.com/_apis/public/gallery/vscode/vscjava/vscode-maven/latest - error GET Offline
2025-08-09 07:51:58.449 [error] #21: https://marketplace.visualstudio.com/_apis/public/gallery/vscode/vscjava/vscode-spring-boot-dashboard/latest - error GET Offline
2025-08-09 07:51:58.453 [error] #22: https://marketplace.visualstudio.com/_apis/public/gallery/vscode/vscjava/vscode-spring-initializr/latest - error GET Offline
2025-08-09 07:51:58.487 [error] #23: https://www.vscode-unpkg.net/_gallery/bradlc/vscode-tailwindcss/latest - error GET Offline
2025-08-09 07:51:58.489 [error] #25: https://www.vscode-unpkg.net/_gallery/ms-azuretools/vscode-docker/latest - error GET Offline
2025-08-09 07:51:58.491 [error] #24: https://www.vscode-unpkg.net/_gallery/ms-azuretools/vscode-containers/latest - error GET Offline
2025-08-09 07:51:58.492 [error] #27: https://www.vscode-unpkg.net/_gallery/ms-python/python/latest - error GET Offline
2025-08-09 07:51:58.494 [error] #26: https://www.vscode-unpkg.net/_gallery/ms-python/debugpy/latest - error GET Offline
2025-08-09 07:51:58.495 [error] #28: https://www.vscode-unpkg.net/_gallery/ms-python/vscode-pylance/latest - error GET Offline
2025-08-09 07:51:58.496 [error] #29: https://www.vscode-unpkg.net/_gallery/ms-python/vscode-python-envs/latest - error GET Offline
2025-08-09 07:51:58.498 [error] #30: https://www.vscode-unpkg.net/_gallery/ms-vscode-remote/remote-containers/latest - error GET Offline
2025-08-09 07:51:58.499 [error] #31: https://www.vscode-unpkg.net/_gallery/redhat/java/latest - error GET Offline
2025-08-09 07:51:58.500 [error] #32: https://www.vscode-unpkg.net/_gallery/ritwickdey/liveserver/latest - error GET Offline
2025-08-09 07:51:58.502 [error] #33: https://www.vscode-unpkg.net/_gallery/visualstudioexptteam/intellicode-api-usage-examples/latest - error GET Offline
2025-08-09 07:51:58.503 [error] #34: https://www.vscode-unpkg.net/_gallery/visualstudioexptteam/vscodeintellicode/latest - error GET Offline
2025-08-09 07:51:58.505 [error] #35: https://www.vscode-unpkg.net/_gallery/vmware/vscode-boot-dev-pack/latest - error GET Offline
2025-08-09 07:51:58.515 [error] #36: https://www.vscode-unpkg.net/_gallery/vmware/vscode-spring-boot/latest - error GET Offline
2025-08-09 07:51:58.528 [error] #37: https://www.vscode-unpkg.net/_gallery/vscjava/vscode-gradle/latest - error GET Offline
2025-08-09 07:51:58.531 [error] #38: https://www.vscode-unpkg.net/_gallery/vscjava/vscode-java-debug/latest - error GET Offline
2025-08-09 07:51:58.538 [error] #42: https://www.vscode-unpkg.net/_gallery/vscjava/vscode-maven/latest - error GET Offline
2025-08-09 07:51:58.539 [error] #43: https://www.vscode-unpkg.net/_gallery/vscjava/vscode-spring-boot-dashboard/latest - error GET Offline
2025-08-09 07:51:58.542 [error] #40: https://www.vscode-unpkg.net/_gallery/vscjava/vscode-java-pack/latest - error GET Offline
2025-08-09 07:51:58.544 [error] #44: https://www.vscode-unpkg.net/_gallery/vscjava/vscode-spring-initializr/latest - error GET Offline
2025-08-09 07:51:58.546 [error] #41: https://www.vscode-unpkg.net/_gallery/vscjava/vscode-java-test/latest - error GET Offline
2025-08-09 07:51:58.547 [error] #39: https://www.vscode-unpkg.net/_gallery/vscjava/vscode-java-dependency/latest - error GET Offline
2025-08-09 07:51:58.632 [error] #45: https://marketplace.visualstudio.com/_apis/public/gallery/extensionquery - error POST Offline
2025-08-09 07:51:59.224 [error] #46: https://main.vscode-cdn.net/extensions/chat.json - error GET Offline
