2025-08-09 07:51:52.385 [warning] Via 'product.json#extensionEnabledApiProposals' extension 'ms-vsliveshare.vsliveshare' wants API proposal 'notebookCellExecutionState' but that proposal DOES NOT EXIST. Likely, the proposal has been finalized (check 'vscode.d.ts') or was abandoned.
2025-08-09 07:51:52.407 [warning] Via 'product.json#extensionEnabledApiProposals' extension 'ms-python.gather' wants API proposal 'notebookCellExecutionState' but that proposal DOES NOT EXIST. Likely, the proposal has been finalized (check 'vscode.d.ts') or was abandoned.
2025-08-09 07:51:52.408 [warning] Via 'product.json#extensionEnabledApiProposals' extension 'ms-python.vscode-pylance' wants API proposal 'mcpConfigurationProvider' but that proposal DOES NOT EXIST. Likely, the proposal has been finalized (check 'vscode.d.ts') or was abandoned.
2025-08-09 07:51:53.770 [info] Started local extension host with pid 5093.
2025-08-09 07:51:58.331 [info] Settings Sync: Account status changed from uninitialized to unavailable
2025-08-09 07:51:58.405 [error] Error while getting the latest version for the extension bradlc.vscode-tailwindcss from https://marketplace.visualstudio.com/_apis/public/gallery/vscode/{publisher}/{name}/latest. Trying the fallback https://www.vscode-unpkg.net/_gallery/{publisher}/{name}/latest Offline
2025-08-09 07:51:58.406 [error] Error while getting the latest version for the extension ms-azuretools.vscode-containers from https://marketplace.visualstudio.com/_apis/public/gallery/vscode/{publisher}/{name}/latest. Trying the fallback https://www.vscode-unpkg.net/_gallery/{publisher}/{name}/latest Offline
2025-08-09 07:51:58.408 [error] Error while getting the latest version for the extension ms-azuretools.vscode-docker from https://marketplace.visualstudio.com/_apis/public/gallery/vscode/{publisher}/{name}/latest. Trying the fallback https://www.vscode-unpkg.net/_gallery/{publisher}/{name}/latest Offline
2025-08-09 07:51:58.410 [error] Error while getting the latest version for the extension ms-python.debugpy from https://marketplace.visualstudio.com/_apis/public/gallery/vscode/{publisher}/{name}/latest. Trying the fallback https://www.vscode-unpkg.net/_gallery/{publisher}/{name}/latest Offline
2025-08-09 07:51:58.411 [error] Error while getting the latest version for the extension ms-python.python from https://marketplace.visualstudio.com/_apis/public/gallery/vscode/{publisher}/{name}/latest. Trying the fallback https://www.vscode-unpkg.net/_gallery/{publisher}/{name}/latest Offline
2025-08-09 07:51:58.414 [error] Error while getting the latest version for the extension ms-python.vscode-pylance from https://marketplace.visualstudio.com/_apis/public/gallery/vscode/{publisher}/{name}/latest. Trying the fallback https://www.vscode-unpkg.net/_gallery/{publisher}/{name}/latest Offline
2025-08-09 07:51:58.416 [error] Error while getting the latest version for the extension ms-python.vscode-python-envs from https://marketplace.visualstudio.com/_apis/public/gallery/vscode/{publisher}/{name}/latest. Trying the fallback https://www.vscode-unpkg.net/_gallery/{publisher}/{name}/latest Offline
2025-08-09 07:51:58.419 [error] Error while getting the latest version for the extension ms-vscode-remote.remote-containers from https://marketplace.visualstudio.com/_apis/public/gallery/vscode/{publisher}/{name}/latest. Trying the fallback https://www.vscode-unpkg.net/_gallery/{publisher}/{name}/latest Offline
2025-08-09 07:51:58.421 [error] Error while getting the latest version for the extension redhat.java from https://marketplace.visualstudio.com/_apis/public/gallery/vscode/{publisher}/{name}/latest. Trying the fallback https://www.vscode-unpkg.net/_gallery/{publisher}/{name}/latest Offline
2025-08-09 07:51:58.424 [error] Error while getting the latest version for the extension ritwickdey.liveserver from https://marketplace.visualstudio.com/_apis/public/gallery/vscode/{publisher}/{name}/latest. Trying the fallback https://www.vscode-unpkg.net/_gallery/{publisher}/{name}/latest Offline
2025-08-09 07:51:58.427 [error] Error while getting the latest version for the extension visualstudioexptteam.intellicode-api-usage-examples from https://marketplace.visualstudio.com/_apis/public/gallery/vscode/{publisher}/{name}/latest. Trying the fallback https://www.vscode-unpkg.net/_gallery/{publisher}/{name}/latest Offline
2025-08-09 07:51:58.430 [error] Error while getting the latest version for the extension visualstudioexptteam.vscodeintellicode from https://marketplace.visualstudio.com/_apis/public/gallery/vscode/{publisher}/{name}/latest. Trying the fallback https://www.vscode-unpkg.net/_gallery/{publisher}/{name}/latest Offline
2025-08-09 07:51:58.433 [error] Error while getting the latest version for the extension vmware.vscode-boot-dev-pack from https://marketplace.visualstudio.com/_apis/public/gallery/vscode/{publisher}/{name}/latest. Trying the fallback https://www.vscode-unpkg.net/_gallery/{publisher}/{name}/latest Offline
2025-08-09 07:51:58.434 [error] Error while getting the latest version for the extension vmware.vscode-spring-boot from https://marketplace.visualstudio.com/_apis/public/gallery/vscode/{publisher}/{name}/latest. Trying the fallback https://www.vscode-unpkg.net/_gallery/{publisher}/{name}/latest Offline
2025-08-09 07:51:58.438 [error] Error while getting the latest version for the extension vscjava.vscode-gradle from https://marketplace.visualstudio.com/_apis/public/gallery/vscode/{publisher}/{name}/latest. Trying the fallback https://www.vscode-unpkg.net/_gallery/{publisher}/{name}/latest Offline
2025-08-09 07:51:58.440 [error] Error while getting the latest version for the extension vscjava.vscode-java-debug from https://marketplace.visualstudio.com/_apis/public/gallery/vscode/{publisher}/{name}/latest. Trying the fallback https://www.vscode-unpkg.net/_gallery/{publisher}/{name}/latest Offline
2025-08-09 07:51:58.442 [error] Error while getting the latest version for the extension vscjava.vscode-java-dependency from https://marketplace.visualstudio.com/_apis/public/gallery/vscode/{publisher}/{name}/latest. Trying the fallback https://www.vscode-unpkg.net/_gallery/{publisher}/{name}/latest Offline
2025-08-09 07:51:58.444 [error] Error while getting the latest version for the extension vscjava.vscode-java-pack from https://marketplace.visualstudio.com/_apis/public/gallery/vscode/{publisher}/{name}/latest. Trying the fallback https://www.vscode-unpkg.net/_gallery/{publisher}/{name}/latest Offline
2025-08-09 07:51:58.446 [error] Error while getting the latest version for the extension vscjava.vscode-java-test from https://marketplace.visualstudio.com/_apis/public/gallery/vscode/{publisher}/{name}/latest. Trying the fallback https://www.vscode-unpkg.net/_gallery/{publisher}/{name}/latest Offline
2025-08-09 07:51:58.447 [error] Error while getting the latest version for the extension vscjava.vscode-maven from https://marketplace.visualstudio.com/_apis/public/gallery/vscode/{publisher}/{name}/latest. Trying the fallback https://www.vscode-unpkg.net/_gallery/{publisher}/{name}/latest Offline
2025-08-09 07:51:58.450 [error] Error while getting the latest version for the extension vscjava.vscode-spring-boot-dashboard from https://marketplace.visualstudio.com/_apis/public/gallery/vscode/{publisher}/{name}/latest. Trying the fallback https://www.vscode-unpkg.net/_gallery/{publisher}/{name}/latest Offline
2025-08-09 07:51:58.453 [error] Error while getting the latest version for the extension vscjava.vscode-spring-initializr from https://marketplace.visualstudio.com/_apis/public/gallery/vscode/{publisher}/{name}/latest. Trying the fallback https://www.vscode-unpkg.net/_gallery/{publisher}/{name}/latest Offline
2025-08-09 07:51:58.488 [error] Error while getting the latest version for the extension bradlc.vscode-tailwindcss. Offline
2025-08-09 07:51:58.490 [error] Error while getting the latest version for the extension ms-azuretools.vscode-docker. Offline
2025-08-09 07:51:58.491 [error] Error while getting the latest version for the extension ms-azuretools.vscode-containers. Offline
2025-08-09 07:51:58.493 [error] Error while getting the latest version for the extension ms-python.python. Offline
2025-08-09 07:51:58.494 [error] Error while getting the latest version for the extension ms-python.debugpy. Offline
2025-08-09 07:51:58.495 [error] Error while getting the latest version for the extension ms-python.vscode-pylance. Offline
2025-08-09 07:51:58.496 [error] Error while getting the latest version for the extension ms-python.vscode-python-envs. Offline
2025-08-09 07:51:58.498 [error] Error while getting the latest version for the extension ms-vscode-remote.remote-containers. Offline
2025-08-09 07:51:58.499 [error] Error while getting the latest version for the extension redhat.java. Offline
2025-08-09 07:51:58.501 [error] Error while getting the latest version for the extension ritwickdey.liveserver. Offline
2025-08-09 07:51:58.502 [error] Error while getting the latest version for the extension visualstudioexptteam.intellicode-api-usage-examples. Offline
2025-08-09 07:51:58.504 [error] Error while getting the latest version for the extension visualstudioexptteam.vscodeintellicode. Offline
2025-08-09 07:51:58.505 [error] Error while getting the latest version for the extension vmware.vscode-boot-dev-pack. Offline
2025-08-09 07:51:58.516 [error] Error while getting the latest version for the extension vmware.vscode-spring-boot. Offline
2025-08-09 07:51:58.528 [error] Error while getting the latest version for the extension vscjava.vscode-gradle. Offline
2025-08-09 07:51:58.532 [error] Error while getting the latest version for the extension vscjava.vscode-java-debug. Offline
2025-08-09 07:51:58.538 [error] Error while getting the latest version for the extension vscjava.vscode-maven. Offline
2025-08-09 07:51:58.541 [error] Error while getting the latest version for the extension vscjava.vscode-spring-boot-dashboard. Offline
2025-08-09 07:51:58.543 [error] Error while getting the latest version for the extension vscjava.vscode-java-pack. Offline
2025-08-09 07:51:58.545 [error] Error while getting the latest version for the extension vscjava.vscode-spring-initializr. Offline
2025-08-09 07:51:58.547 [error] Error while getting the latest version for the extension vscjava.vscode-java-test. Offline
2025-08-09 07:51:58.548 [error] Error while getting the latest version for the extension vscjava.vscode-java-dependency. Offline
2025-08-09 07:51:59.225 [warning] Failed to fetch chat participant registry Offline
2025-08-09 07:51:59.326 [info] [perf] Render performance baseline is 73ms
